<?xml version="1.0" encoding="UTF-8" standalone="no"?>
<!DOCTYPE log SYSTEM "logger.dtd">
<log>
<record>
<<<<<<< Updated upstream
  <date>2019-11-24T13:00:48</date>
  <millis>1574618448149</millis>
=======
  <date>2019-11-24T13:02:56</date>
  <millis>1574618576554</millis>
>>>>>>> Stashed changes
  <sequence>1</sequence>
  <logger>ReplicaManagers/Dong/server</logger>
  <level>INFO</level>
  <class>ReplicaManagers.Dong.server.Server</class>
  <method>main</method>
  <thread>1</thread>
  <message>UDP ReplicaManagers.Dong.server mtl ReplicaManagers.Dong.server is ready.</message>
</record>
</log>
