<?xml version="1.0" encoding="UTF-8" standalone="no"?>
<!DOCTYPE log SYSTEM "logger.dtd">
<log>
<record>
  <date>2019-11-21T22:37:10</date>
  <millis>1574393830271</millis>
  <sequence>6</sequence>
  <logger>user</logger>
  <level>INFO</level>
  <class>Client.Client</class>
  <method>main</method>
  <thread>1</thread>
  <message>The operation is completed successfully.</message>
</record>
<record>
  <date>2019-11-21T22:37:17</date>
  <millis>1574393837102</millis>
  <sequence>9</sequence>
  <logger>user</logger>
  <level>INFO</level>
  <class>Client.Client</class>
  <method>main</method>
  <thread>1</thread>
  <message>MTLA121212 2</message>
</record>
<record>
  <date>2019-11-21T22:37:44</date>
  <millis>1574393864526</millis>
  <sequence>14</sequence>
  <logger>user</logger>
  <level>INFO</level>
  <class>Client.Client</class>
  <method>main</method>
  <thread>1</thread>
  <message>The operation could not be completed, the server refused to execute the request.</message>
</record>
<record>
  <date>2019-11-21T22:38:18</date>
  <millis>1574393898087</millis>
  <sequence>17</sequence>
  <logger>user</logger>
  <level>INFO</level>
  <class>Client.Client</class>
  <method>main</method>
  <thread>1</thread>
  <message>MTLA121212 2</message>
</record>
<record>
  <date>2019-11-21T22:38:44</date>
  <millis>1574393924426</millis>
  <sequence>22</sequence>
  <logger>user</logger>
  <level>INFO</level>
  <class>Client.Client</class>
  <method>main</method>
  <thread>1</thread>
  <message>The operation could not be completed, the server refused to execute the request.</message>
</record>
</log>
