<?xml version="1.0" encoding="UTF-8" standalone="no"?>
<!DOCTYPE log SYSTEM "logger.dtd">
<log>
<record>
  <date>2019-11-24T12:03:38</date>
  <millis>1574615018569</millis>
  <sequence>6</sequence>
  <logger>user</logger>
  <level>INFO</level>
  <class>Client.Client</class>
  <method>runUserOperations</method>
  <thread>1</thread>
  <message>SUCCESS;</message>
</record>
<record>
  <date>2019-11-24T12:04:52</date>
  <millis>1574615092394</millis>
  <sequence>11</sequence>
  <logger>user</logger>
  <level>INFO</level>
  <class>Client.Client</class>
  <method>runUserOperations</method>
  <thread>1</thread>
  <message>FAIL;</message>
</record>
<record>
  <date>2019-11-24T12:05:12</date>
  <millis>1574615112961</millis>
  <sequence>16</sequence>
  <logger>user</logger>
  <level>INFO</level>
  <class>Client.Client</class>
  <method>runUserOperations</method>
  <thread>1</thread>
  <message>FAIL;</message>
</record>
</log>
